2021/04/27 17:27:55 [notice] 23712#24568: signal process started
2021/04/27 17:27:55 [error] 23712#24568: CreateFile() "./logs/nginx.pid" failed (2: The system cannot find the file specified)
2021/04/27 17:28:04 [notice] 11036#7368: signal process started
2021/04/27 17:28:04 [error] 11036#7368: CreateFile() "./logs/nginx.pid" failed (2: The system cannot find the file specified)
2021/04/27 17:28:07 [notice] 20160#21456: signal process started
2021/04/27 17:28:07 [error] 20160#21456: CreateFile() "./logs/nginx.pid" failed (2: The system cannot find the file specified)
2021/04/27 17:28:11 [notice] 3580#7688: signal process started
2021/04/27 17:28:11 [error] 3580#7688: CreateFile() "./logs/nginx.pid" failed (2: The system cannot find the file specified)
2021/04/27 17:28:13 [notice] 1728#23408: signal process started
2021/04/27 17:28:13 [error] 1728#23408: CreateFile() "./logs/nginx.pid" failed (2: The system cannot find the file specified)
2021/04/27 17:28:15 [notice] 17860#9876: signal process started
2021/04/27 17:28:15 [error] 17860#9876: CreateFile() "./logs/nginx.pid" failed (2: The system cannot find the file specified)
2021/04/27 17:28:16 [notice] 15460#16344: signal process started
2021/04/27 17:28:16 [error] 15460#16344: CreateFile() "./logs/nginx.pid" failed (2: The system cannot find the file specified)
2021/04/27 17:28:16 [notice] 14556#24420: signal process started
2021/04/27 17:28:16 [error] 14556#24420: CreateFile() "./logs/nginx.pid" failed (2: The system cannot find the file specified)
2021/04/27 17:28:24 [notice] 2776#9160: signal process started
2021/04/27 17:28:24 [error] 2776#9160: CreateFile() "./logs/nginx.pid" failed (2: The system cannot find the file specified)
2021/04/27 17:28:33 [notice] 14404#23828: signal process started
2021/04/27 17:28:33 [error] 14404#23828: CreateFile() "./logs/nginx.pid" failed (2: The system cannot find the file specified)
2021/04/27 17:28:34 [notice] 22584#23272: signal process started
2021/04/27 17:28:34 [error] 22584#23272: CreateFile() "./logs/nginx.pid" failed (2: The system cannot find the file specified)
2021/04/27 17:28:34 [notice] 1728#3580: signal process started
2021/04/27 17:28:34 [error] 1728#3580: CreateFile() "./logs/nginx.pid" failed (2: The system cannot find the file specified)
2021/04/27 17:28:35 [notice] 17380#4044: signal process started
2021/04/27 17:28:35 [error] 17380#4044: CreateFile() "./logs/nginx.pid" failed (2: The system cannot find the file specified)
2021/04/27 17:28:35 [notice] 3408#23540: signal process started
2021/04/27 17:28:35 [error] 3408#23540: CreateFile() "./logs/nginx.pid" failed (2: The system cannot find the file specified)
2021/04/27 17:28:35 [notice] 8400#12364: signal process started
2021/04/27 17:28:35 [error] 8400#12364: CreateFile() "./logs/nginx.pid" failed (2: The system cannot find the file specified)
2021/04/27 17:28:41 [notice] 16344#23480: signal process started
2021/04/27 17:28:41 [error] 16344#23480: CreateFile() "./logs/nginx.pid" failed (2: The system cannot find the file specified)
2021/04/27 17:28:43 [notice] 23960#15648: signal process started
2021/04/27 17:28:43 [error] 23960#15648: CreateFile() "./logs/nginx.pid" failed (2: The system cannot find the file specified)
2021/04/27 17:28:44 [notice] 19548#12788: signal process started
2021/04/27 17:28:44 [error] 19548#12788: CreateFile() "./logs/nginx.pid" failed (2: The system cannot find the file specified)
2021/04/27 17:30:19 [notice] 15648#21964: signal process started
2021/04/27 17:30:19 [error] 15648#21964: CreateFile() "./logs/nginx.pid" failed (2: The system cannot find the file specified)
2021/04/27 17:30:42 [notice] 24528#23092: signal process started
2021/04/27 17:35:11 [notice] 25020#25236: signal process started
2021/04/27 17:45:01 [notice] 2776#23824: signal process started
2021/04/27 18:01:46 [notice] 26204#26208: signal process started
2021/04/27 18:42:26 [notice] 25652#22836: signal process started
2021/04/27 18:49:50 [notice] 26064#23556: signal process started
2021/04/27 19:00:28 [notice] 9212#15392: signal process started
2021/04/27 19:01:56 [notice] 22268#15868: signal process started
2021/04/27 19:04:21 [notice] 23284#9888: signal process started
2021/04/27 19:05:01 [notice] 26492#26008: signal process started
2021/04/27 19:05:52 [notice] 9812#23440: signal process started
2021/04/27 19:06:17 [notice] 20324#8356: signal process started
2021/04/27 19:08:00 [notice] 9812#25740: signal process started
2021/04/27 19:08:12 [notice] 8092#17012: signal process started
2021/04/27 19:08:15 [notice] 14556#5088: signal process started
2021/04/27 19:08:17 [notice] 26568#22364: signal process started
2021/04/27 19:11:13 [notice] 16164#8616: signal process started
2021/04/27 19:11:33 [notice] 5008#23976: signal process started
2021/04/27 22:02:12 [notice] 17480#26040: signal process started
2021/04/28 10:17:27 [notice] 8072#15204: signal process started
2021/04/28 10:17:27 [error] 8072#15204: OpenEvent("Global\ngx_reload_25592") failed (2: The system cannot find the file specified)
2021/04/28 10:18:04 [error] 13960#1264: *1 CreateFile() "./html/favicon.ico" failed (2: The system cannot find the file specified), client: 127.0.0.1, server: localhost, request: "GET /favicon.ico HTTP/1.1", host: "localhost", referrer: "http://localhost/"
2021/04/28 10:18:04 [error] 13960#1264: *1 failed to run log_by_lua*: ./lualib/resty\kafka\tools.lua:10: attempt to index global 'String' (a nil value)
stack traceback:
	./lualib/resty\kafka\tools.lua:10: in function 'getRandomStr'
	log_by_lua(nginx.conf:81):14: in main chunk while logging request, client: 127.0.0.1, server: localhost, request: "GET /favicon.ico HTTP/1.1", host: "localhost", referrer: "http://localhost/"
2021/04/28 10:18:11 [notice] 16960#15040: signal process started
2021/04/28 10:21:02 [error] 15600#17224: *16 CreateFile() "./html/index" failed (2: The system cannot find the file specified), client: 127.0.0.1, server: localhost, request: "GET /index HTTP/1.1", host: "localhost"
2021/04/28 10:21:02 [error] 15600#17224: *16 failed to run log_by_lua*: ./lualib/resty\kafka\tools.lua:10: attempt to index global 'String' (a nil value)
stack traceback:
	./lualib/resty\kafka\tools.lua:10: in function 'getRandomStr'
	log_by_lua(nginx.conf:81):14: in main chunk while logging request, client: 127.0.0.1, server: localhost, request: "GET /index HTTP/1.1", host: "localhost"
2021/04/28 10:21:07 [error] 15600#17224: *16 failed to run log_by_lua*: ./lualib/resty\kafka\tools.lua:8: attempt to index global 'String' (a nil value)
stack traceback:
	./lualib/resty\kafka\tools.lua:8: in function 'getRandomStr'
	log_by_lua(nginx.conf:81):14: in main chunk while logging request, client: 127.0.0.1, server: localhost, request: "GET /index.html HTTP/1.1", host: "localhost"
2021/04/28 10:21:12 [error] 15600#17224: *16 failed to run log_by_lua*: ./lualib/resty\kafka\tools.lua:8: attempt to index global 'String' (a nil value)
stack traceback:
	./lualib/resty\kafka\tools.lua:8: in function 'getRandomStr'
	log_by_lua(nginx.conf:81):14: in main chunk while logging request, client: 127.0.0.1, server: localhost, request: "GET /login.html HTTP/1.1", host: "localhost"
